<?xml version="1.0" encoding="utf-8"?><testsuites><testsuite name="pytest" errors="0" failures="0" skipped="0" tests="10" time="0.232" timestamp="2023-08-03T14:42:08.645119" hostname="fv-az573-912"><testcase classname="tests.cdumay_error.test_class.TestError" name="test_deserialization" time="0.003" /><testcase classname="tests.cdumay_error.test_class.TestError" name="test_init" time="0.001" /><testcase classname="tests.cdumay_error.test_class.TestError" name="test_intercept_marshmallow_error" time="0.002" /><testcase classname="tests.cdumay_error.test_class.TestError" name="test_load_error" time="0.001" /><testcase classname="tests.cdumay_error.test_class.TestError" name="test_load_exception" time="0.001" /><testcase classname="tests.cdumay_error.test_class.TestError" name="test_repr" time="0.001" /><testcase classname="tests.cdumay_error.test_class.TestError" name="test_serialization" time="0.002" /><testcase classname="tests.cdumay_error.test_registry.TestRegistry" name="test_craft_error" time="0.001" /><testcase classname="tests.cdumay_error.test_registry.TestRegistry" name="test_serialization" time="0.001" /><testcase classname="tests.cdumay_error.test_registry.TestRegistry" name="test_status" time="0.001" /></testsuite></testsuites>